nohup: ignoring input
127.0.0.1 - - [03/Apr/2024 16:11:10] "GET /practice4.html HTTP/1.1" 200 -
127.0.0.1 - - [03/Apr/2024 16:11:29] "GET /practice4.html HTTP/1.1" 200 -
127.0.0.1 - - [03/Apr/2024 16:11:52] "GET /practice4.html HTTP/1.1" 200 -
127.0.0.1 - - [03/Apr/2024 16:12:50] "GET /practice4.html HTTP/1.1" 200 -
127.0.0.1 - - [03/Apr/2024 16:12:50] code 404, message File not found
127.0.0.1 - - [03/Apr/2024 16:12:50] "GET /favicon.ico HTTP/1.1" 404 -
----------------------------------------
Exception occurred during processing of request from ('127.0.0.1', 41954)
Traceback (most recent call last):
  File "/usr/lib/python3.10/http/server.py", line 727, in send_head
    f = open(path, 'rb')
FileNotFoundError: [Errno 2] No such file or directory: '/home/aaatipamula/eecs/348/lab7/favicon.ico'

During handling of the above exception, another exception occurred:

Traceback (most recent call last):
  File "/usr/lib/python3.10/socketserver.py", line 683, in process_request_thread
    self.finish_request(request, client_address)
  File "/usr/lib/python3.10/http/server.py", line 1304, in finish_request
    self.RequestHandlerClass(request, client_address, self,
  File "/usr/lib/python3.10/http/server.py", line 668, in __init__
    super().__init__(*args, **kwargs)
  File "/usr/lib/python3.10/socketserver.py", line 747, in __init__
    self.handle()
  File "/usr/lib/python3.10/http/server.py", line 433, in handle
    self.handle_one_request()
  File "/usr/lib/python3.10/http/server.py", line 421, in handle_one_request
    method()
  File "/usr/lib/python3.10/http/server.py", line 672, in do_GET
    f = self.send_head()
  File "/usr/lib/python3.10/http/server.py", line 729, in send_head
    self.send_error(HTTPStatus.NOT_FOUND, "File not found")
  File "/usr/lib/python3.10/http/server.py", line 488, in send_error
    self.wfile.write(body)
  File "/usr/lib/python3.10/socketserver.py", line 826, in write
    self._sock.sendall(b)
BrokenPipeError: [Errno 32] Broken pipe
----------------------------------------
127.0.0.1 - - [03/Apr/2024 16:13:47] "GET /practice4.html HTTP/1.1" 200 -
127.0.0.1 - - [03/Apr/2024 16:13:55] code 501, message Unsupported method ('POST')
127.0.0.1 - - [03/Apr/2024 16:13:55] "POST /practice4.html HTTP/1.1" 501 -
127.0.0.1 - - [03/Apr/2024 16:15:07] "GET /practice4.html HTTP/1.1" 200 -
127.0.0.1 - - [03/Apr/2024 16:44:57] "GET /table.php HTTP/1.1" 200 -
